Android-SDK@2.5.1.72759_20200104/UniPlugin-Hello-AS/app/build/intermediates/manifest_merge_blame_file/debug/manifest-merger-blame-debug-report.txt
1<?xml version="1.0" encoding="utf-8"?>
2<manifest xmlns:android="http://schemas.android.com/apk/res/android"
3    package="com.HBuilder.integrate"
4    android:versionCode="1"
5    android:versionName="1.0" >
6
7    <uses-sdk
8        android:minSdkVersion="19"
8-->src/main/AndroidManifest.xml
9        android:targetSdkVersion="28" />
9-->src/main/AndroidManifest.xml
10
11    <supports-screens
11-->src/main/AndroidManifest.xml:5:5-10:39
12        android:anyDensity="true"
12-->src/main/AndroidManifest.xml:6:9-34
13        android:largeScreens="true"
13-->src/main/AndroidManifest.xml:7:9-36
14        android:normalScreens="true"
14-->src/main/AndroidManifest.xml:8:9-37
15        android:resizeable="true"
15-->src/main/AndroidManifest.xml:9:9-34
16        android:smallScreens="true" />
16-->src/main/AndroidManifest.xml:10:9-36
17
18    <!-- Barcode(二维码)  begin -->
19    <uses-permission android:name="android.permission.CAMERA" />
19-->src/main/AndroidManifest.xml:13:5-65
19-->src/main/AndroidManifest.xml:13:22-62
20    <uses-permission android:name="android.permission.WRITE_EXTERNAL_STORAGE" />
20-->src/main/AndroidManifest.xml:14:5-81
20-->src/main/AndroidManifest.xml:14:22-78
21
22    <uses-feature android:name="android.hardware.camera" />
22-->src/main/AndroidManifest.xml:16:5-60
22-->src/main/AndroidManifest.xml:16:19-57
23    <uses-feature android:name="android.hardware.camera.autofocus" />
23-->src/main/AndroidManifest.xml:17:5-70
23-->src/main/AndroidManifest.xml:17:19-67
24
25    <uses-permission android:name="android.permission.VIBRATE" />
25-->src/main/AndroidManifest.xml:19:5-66
25-->src/main/AndroidManifest.xml:19:22-63
26    <uses-permission android:name="android.permission.FLASHLIGHT" />
26-->src/main/AndroidManifest.xml:20:5-69
26-->src/main/AndroidManifest.xml:20:22-66
27    <uses-permission android:name="android.permission.READ_EXTERNAL_STORAGE" />
27-->[SecurityGuardSDK-external-release-5.4.187-preInstall.aar] AndroidManifest.xml:11:5-80
27-->[SecurityGuardSDK-external-release-5.4.187-preInstall.aar] AndroidManifest.xml:11:22-77
28    <uses-permission android:name="android.permission.ACCESS_NETWORK_STATE" />
28-->[SecurityGuardSDK-external-release-5.4.187-preInstall.aar] AndroidManifest.xml:13:5-79
28-->[SecurityGuardSDK-external-release-5.4.187-preInstall.aar] AndroidManifest.xml:13:22-76
29    <uses-permission android:name="android.permission.ACCESS_WIFI_STATE" />
29-->[SecurityGuardSDK-external-release-5.4.187-preInstall.aar] AndroidManifest.xml:14:5-76
29-->[SecurityGuardSDK-external-release-5.4.187-preInstall.aar] AndroidManifest.xml:14:22-73
30    <uses-permission android:name="android.permission.READ_PHONE_STATE" />
30-->[SecurityGuardSDK-external-release-5.4.187-preInstall.aar] AndroidManifest.xml:15:5-75
30-->[SecurityGuardSDK-external-release-5.4.187-preInstall.aar] AndroidManifest.xml:15:22-72
31    <uses-permission android:name="android.permission.WRITE_SETTINGS" />
31-->[SecurityGuardSDK-external-release-5.4.187-preInstall.aar] AndroidManifest.xml:16:5-73
31-->[SecurityGuardSDK-external-release-5.4.187-preInstall.aar] AndroidManifest.xml:16:22-70
32    <uses-permission android:name="android.permission.INTERNET" />
32-->[SecurityGuardSDK-external-release-5.4.187-preInstall.aar] AndroidManifest.xml:17:5-67
32-->[SecurityGuardSDK-external-release-5.4.187-preInstall.aar] AndroidManifest.xml:17:22-64
33    <uses-permission android:name="android.permission.BLUETOOTH" />
33-->[SecurityGuardSDK-external-release-5.4.187-preInstall.aar] AndroidManifest.xml:18:5-68
33-->[SecurityGuardSDK-external-release-5.4.187-preInstall.aar] AndroidManifest.xml:18:22-65
34    <uses-permission android:name="android.permission.READ_SETTINGS" />
34-->[SecurityGuardSDK-external-release-5.4.187-preInstall.aar] AndroidManifest.xml:19:5-72
34-->[SecurityGuardSDK-external-release-5.4.187-preInstall.aar] AndroidManifest.xml:19:22-69
35    <uses-permission android:name="android.permission.GET_TASKS" />
35-->[SecurityGuardSDK-external-release-5.4.187-preInstall.aar] AndroidManifest.xml:20:5-68
35-->[SecurityGuardSDK-external-release-5.4.187-preInstall.aar] AndroidManifest.xml:20:22-65
36    <uses-permission android:name="com.android.launcher.permission.UNINSTALL_SHORTCUT" /> <!-- 华为修改角标需要设置权限 -->
36-->[lib.5plus.base-release.aar] AndroidManifest.xml:19:5-90
36-->[lib.5plus.base-release.aar] AndroidManifest.xml:19:22-87
37    <uses-permission android:name="com.huawei.android.launcher.permission.CHANGE_BADGE" />
37-->[lib.5plus.base-release.aar] AndroidManifest.xml:21:5-91
37-->[lib.5plus.base-release.aar] AndroidManifest.xml:21:22-88
38    <uses-permission android:name="com.android.launcher.permission.INSTALL_SHORTCUT" />
38-->[lib.5plus.base-release.aar] AndroidManifest.xml:22:5-88
38-->[lib.5plus.base-release.aar] AndroidManifest.xml:22:22-85
39    <uses-permission android:name="com.android.launcher.permission.READ_SETTINGS" />
39-->[lib.5plus.base-release.aar] AndroidManifest.xml:23:5-85
39-->[lib.5plus.base-release.aar] AndroidManifest.xml:23:22-82
40    <uses-permission android:name="com.android.launcher2.permission.READ_SETTINGS" />
40-->[lib.5plus.base-release.aar] AndroidManifest.xml:24:5-86
40-->[lib.5plus.base-release.aar] AndroidManifest.xml:24:22-83
41    <uses-permission android:name="com.android.launcher3.permission.READ_SETTINGS" />
41-->[lib.5plus.base-release.aar] AndroidManifest.xml:25:5-86
41-->[lib.5plus.base-release.aar] AndroidManifest.xml:25:22-83
42    <!--
43        <uses-permission
44        android:name="com.yulong.android.launcherL.permission.READ_SETTINGS" />
45    -->
46    <!--
47        <uses-permission
48        android:name="com.meizu.flyme.launcher.permission.READ_SETTINGS" />
49    -->
50    <!--
51        <uses-permission
52        android:name="com.bbk.launcher2.permission.READ_SETTINGS" />
53    -->
54    <!--
55        <uses-permission
56        android:name="com.oppo.launcher.permission.READ_SETTINGS" />
57    -->
58    <!--
59        <uses-permission
60        android:name="com.htc.launcher.permission.READ_SETTINGS" />
61    -->
62    <!--
63        <uses-permission
64        android:name="com.qiku.launcher.permission.READ_SETTINGS" />
65    -->
66    <!--
67        <uses-permission
68        android:name="com.huawei.android.launcher.permission.READ_SETTINGS" />
69    -->
70    <!--
71        <uses-permission
72        android:name="com.zte.mifavor.launcher.permission.READ_SETTINGS" />
73    -->
74    <!--
75        <uses-permission
76        android:name="com.lenovo.launcher.permission.READ_SETTINGS" />
77    -->
78    <!--
79        <uses-permission
80        android:name="com.google.android.launcher.permission.READ_SETTINGS" />
81    -->
82    <!--
83        <uses-permission
84        android:name="com.yulong.android.launcher3.READ_SETTINGS" />
85    -->
86    <!--
87        <uses-permission
88        android:name="org.adw.launcher.permission.READ_SETTINGS" />
89    -->
90    <!--
91        <uses-permission
92        android:name="com.qihoo360.launcher.permission.READ_SETTINGS" />
93    -->
94    <!--
95        <uses-permission
96        android:name="com.lge.launcher.permission.READ_SETTINGS" />
97    -->
98    <!--
99        <uses-permission
100        android:name="net.qihoo.launcher.permission.READ_SETTINGS" />
101    -->
102    <!--
103        <uses-permission
104        android:name="org.adwfreak.launcher.permission.READ_SETTINGS" />
105    -->
106    <!--
107        <uses-permission
108        android:name="org.adw.launcher_donut.permission.READ_SETTINGS" />
109    -->
110    <!--
111        <uses-permission
112        android:name="com.huawei.launcher3.permission.READ_SETTINGS" />
113    -->
114    <!--
115        <uses-permission
116        android:name="com.fede.launcher.permission.READ_SETTINGS" />
117    -->
118    <!--
119        <uses-permission
120        android:name="com.sec.android.app.twlauncher.settings.READ_SETTINGS" />
121    -->
122    <!--
123        <uses-permission
124        android:name="com.tencent.qqlauncher.permission.READ_SETTINGS" />
125    -->
126    <!--
127        <uses-permission
128        android:name="com.huawei.launcher2.permission.READ_SETTINGS" />
129    -->
130    <!--
131        <uses-permission
132        android:name="com.ebproductions.android.launcher.permission.READ_SETTINGS" />
133    -->
134    <!--
135        <uses-permission
136        android:name="com.nd.android.launcher.permission.READ_SETTINGS" />
137    -->
138    <!--
139        <uses-permission
140        android:name="com.yulong.android.launcher.permission.READ_SETTINGS" />
141    -->
142    <!--
143        <uses-permission
144        android:name="com.android.mylauncher.permission.READ_SETTINGS" />
145    -->
146    <!--
147        <uses-permission
148        android:name="com.ztemt.launcher.permission.READ_SETTINGS" />
149    -->
150    <!--
151        <uses-permission
152        android:name="cn.nubia.launcher.permission.READ_SETTINGS" />
153    -->
154    <!--
155        <uses-permission
156        android:name="com.gionee.amisystem.permission.READ_SHORTCUT" />
157    -->
158    <!-- 8.0apk安装权限 -->
159    <uses-permission android:name="android.permission.REQUEST_INSTALL_PACKAGES" />
159-->[lib.5plus.base-release.aar] AndroidManifest.xml:200:5-83
159-->[lib.5plus.base-release.aar] AndroidManifest.xml:200:22-80
160    <uses-permission android:name="com.asus.msa.SupplementaryDID.ACCESS" />
160-->[miit_mdid_1.0.10.aar] AndroidManifest.xml:8:5-76
160-->[miit_mdid_1.0.10.aar] AndroidManifest.xml:8:22-73
161    <uses-permission android:name="android.permission.CHANGE_WIFI_STATE" /> <!-- Barcode(二维码)  end -->
161-->[oss-android-sdk-2.9.2.aar] AndroidManifest.xml:15:5-76
161-->[oss-android-sdk-2.9.2.aar] AndroidManifest.xml:15:22-73
162    <application
162-->src/main/AndroidManifest.xml:23:5-85:19
163        android:name="io.dcloud.application.DCloudApplication"
163-->src/main/AndroidManifest.xml:24:9-63
164        android:allowBackup="true"
164-->src/main/AndroidManifest.xml:30:9-35
165        android:allowClearUserData="true"
165-->src/main/AndroidManifest.xml:25:9-42
166        android:appComponentFactory="androidx.core.app.CoreComponentFactory"
166-->[androidx.core:core:1.0.0] AndroidManifest.xml:22:18-86
167        android:debuggable="true"
168        android:icon="@drawable/icon"
168-->src/main/AndroidManifest.xml:26:9-38
169        android:label="@string/app_name"
169-->src/main/AndroidManifest.xml:27:9-41
170        android:largeHeap="true"
170-->src/main/AndroidManifest.xml:28:9-33
171        android:supportsRtl="true"
171-->src/main/AndroidManifest.xml:31:9-35
172        android:testOnly="true"
173        android:usesCleartextTraffic="true" >
173-->[lib.5plus.base-release.aar] AndroidManifest.xml:205:9-44
174
175        <!-- 应用入口 -->
176        <activity
176-->src/main/AndroidManifest.xml:34:9-56:20
177            android:name="io.dcloud.PandoraEntry"
177-->src/main/AndroidManifest.xml:35:13-50
178            android:configChanges="orientation|keyboardHidden|screenSize|mcc|mnc|fontScale"
178-->src/main/AndroidManifest.xml:37:13-92
179            android:hardwareAccelerated="true"
179-->src/main/AndroidManifest.xml:38:13-47
180            android:theme="@style/TranslucentTheme"
180-->src/main/AndroidManifest.xml:36:13-52
181            android:windowSoftInputMode="adjustResize" >
181-->src/main/AndroidManifest.xml:39:13-55
182            <intent-filter>
182-->src/main/AndroidManifest.xml:40:13-46:29
183                <data android:scheme="hbuilder" />
183-->src/main/AndroidManifest.xml:41:17-50
183-->src/main/AndroidManifest.xml:41:23-48
184
185                <action android:name="android.intent.action.VIEW" />
185-->src/main/AndroidManifest.xml:42:17-68
185-->src/main/AndroidManifest.xml:42:25-66
186
187                <category android:name="android.intent.category.DEFAULT" />
187-->src/main/AndroidManifest.xml:44:17-75
187-->src/main/AndroidManifest.xml:44:27-73
188                <category android:name="android.intent.category.BROWSABLE" />
188-->src/main/AndroidManifest.xml:45:17-77
188-->src/main/AndroidManifest.xml:45:27-75
189            </intent-filter>
190            <intent-filter>
190-->src/main/AndroidManifest.xml:47:13-51:29
191                <data android:mimeType="image/*" />
191-->src/main/AndroidManifest.xml:41:17-50
191-->src/main/AndroidManifest.xml:48:23-49
192
193                <action android:name="android.intent.action.SEND" />
193-->src/main/AndroidManifest.xml:49:17-68
193-->src/main/AndroidManifest.xml:49:25-66
194
195                <category android:name="android.intent.category.DEFAULT" />
195-->src/main/AndroidManifest.xml:44:17-75
195-->src/main/AndroidManifest.xml:44:27-73
196            </intent-filter>
197            <intent-filter>
197-->src/main/AndroidManifest.xml:52:13-55:29
198                <action android:name="android.intent.action.MAIN" />
198-->src/main/AndroidManifest.xml:53:17-68
198-->src/main/AndroidManifest.xml:53:25-66
199
200                <category android:name="android.intent.category.LAUNCHER" />
200-->src/main/AndroidManifest.xml:54:17-76
200-->src/main/AndroidManifest.xml:54:27-74
201            </intent-filter>
202        </activity>
203
204        <meta-data
204-->src/main/AndroidManifest.xml:57:9-58:35
205            android:name="dcloud_uninview_background"
205-->src/main/AndroidManifest.xml:57:20-61
206            android:value="true" />
206-->src/main/AndroidManifest.xml:58:13-33
207
208        <activity
208-->src/main/AndroidManifest.xml:60:9-84:20
209            android:name="io.dcloud.PandoraEntryActivity"
209-->src/main/AndroidManifest.xml:61:13-58
210            android:configChanges="orientation|keyboardHidden|screenSize|mcc|mnc|fontScale|keyboard"
210-->src/main/AndroidManifest.xml:63:13-101
211            android:hardwareAccelerated="true"
211-->src/main/AndroidManifest.xml:64:13-47
212            android:launchMode="singleTask"
212-->src/main/AndroidManifest.xml:62:13-44
213            android:permission="com.miui.securitycenter.permission.AppPermissionsEditor"
213-->src/main/AndroidManifest.xml:65:13-89
214            android:screenOrientation="user"
214-->src/main/AndroidManifest.xml:66:13-45
215            android:theme="@style/DCloudTheme"
215-->src/main/AndroidManifest.xml:67:13-47
216            android:windowSoftInputMode="adjustResize" >
216-->src/main/AndroidManifest.xml:68:13-55
217            <intent-filter>
217-->src/main/AndroidManifest.xml:70:13-83:29
218                <category android:name="android.intent.category.DEFAULT" />
218-->src/main/AndroidManifest.xml:44:17-75
218-->src/main/AndroidManifest.xml:44:27-73
219                <category android:name="android.intent.category.BROWSABLE" />
219-->src/main/AndroidManifest.xml:45:17-77
219-->src/main/AndroidManifest.xml:45:27-75
220
221                <action android:name="android.intent.action.VIEW" />
221-->src/main/AndroidManifest.xml:42:17-68
221-->src/main/AndroidManifest.xml:42:25-66
222
223                <data android:scheme="h56131bcf" />
223-->src/main/AndroidManifest.xml:41:17-50
223-->src/main/AndroidManifest.xml:41:23-48
224            </intent-filter>
225        </activity>
226
227        <service
227-->[lib.5plus.base-release.aar] AndroidManifest.xml:206:9-208:40
228            android:name="io.dcloud.common.adapter.io.MiniServerService"
228-->[lib.5plus.base-release.aar] AndroidManifest.xml:207:13-73
229            android:exported="false" />
229-->[lib.5plus.base-release.aar] AndroidManifest.xml:208:13-37
230
231        <receiver android:name="io.dcloud.common.adapter.io.PushReceiver" >
231-->[lib.5plus.base-release.aar] AndroidManifest.xml:210:9-214:20
231-->[lib.5plus.base-release.aar] AndroidManifest.xml:210:19-74
232            <intent-filter>
232-->[lib.5plus.base-release.aar] AndroidManifest.xml:211:13-213:29
233                <action android:name="dcloud.push.broswer" />
233-->[lib.5plus.base-release.aar] AndroidManifest.xml:212:17-62
233-->[lib.5plus.base-release.aar] AndroidManifest.xml:212:25-59
234            </intent-filter>
235        </receiver>
236
237        <activity
237-->[lib.5plus.base-release.aar] AndroidManifest.xml:216:9-219:40
238            android:name="io.dcloud.imagepick.CustomGalleryActivity"
238-->[lib.5plus.base-release.aar] AndroidManifest.xml:217:13-69
239            android:exported="false"
239-->[lib.5plus.base-release.aar] AndroidManifest.xml:218:13-37
240            android:noHistory="true" />
240-->[lib.5plus.base-release.aar] AndroidManifest.xml:219:13-37
241        <activity
241-->[lib.5plus.base-release.aar] AndroidManifest.xml:220:9-223:58
242            android:name="io.dcloud.feature.nativeObj.photoview.PhotoActivity"
242-->[lib.5plus.base-release.aar] AndroidManifest.xml:221:13-79
243            android:noHistory="false"
243-->[lib.5plus.base-release.aar] AndroidManifest.xml:222:13-38
244            android:theme="@style/DeviceDefault.Light" />
244-->[lib.5plus.base-release.aar] AndroidManifest.xml:223:13-55
245        <activity
245-->[lib.5plus.base-release.aar] AndroidManifest.xml:224:9-245:20
246            android:name="io.dcloud.appstream.StreamAppMainActivity"
246-->[lib.5plus.base-release.aar] AndroidManifest.xml:225:13-69
247            android:configChanges="orientation|keyboardHidden|screenSize|mcc|mnc"
247-->[lib.5plus.base-release.aar] AndroidManifest.xml:226:13-82
248            android:exported="true"
248-->[lib.5plus.base-release.aar] AndroidManifest.xml:227:13-36
249            android:launchMode="singleTask"
249-->[lib.5plus.base-release.aar] AndroidManifest.xml:228:13-44
250            android:screenOrientation="portrait"
250-->[lib.5plus.base-release.aar] AndroidManifest.xml:229:13-49
251            android:taskAffinity=":list"
251-->[lib.5plus.base-release.aar] AndroidManifest.xml:230:13-41
252            android:theme="@android:style/Theme.Wallpaper.NoTitleBar"
252-->[lib.5plus.base-release.aar] AndroidManifest.xml:231:13-70
253            android:windowSoftInputMode="stateAlwaysHidden|adjustResize" >
253-->[lib.5plus.base-release.aar] AndroidManifest.xml:232:13-73
254            <intent-filter>
254-->[lib.5plus.base-release.aar] AndroidManifest.xml:233:13-235:29
255                <action android:name="android.intent.action.MAIN" />
255-->src/main/AndroidManifest.xml:53:17-68
255-->src/main/AndroidManifest.xml:53:25-66
256            </intent-filter>
257            <intent-filter>
257-->[lib.5plus.base-release.aar] AndroidManifest.xml:236:13-244:29
258                <data android:scheme="streamapp" />
258-->src/main/AndroidManifest.xml:41:17-50
258-->src/main/AndroidManifest.xml:41:23-48
259                <data android:scheme="streamappmain" />
259-->src/main/AndroidManifest.xml:41:17-50
259-->src/main/AndroidManifest.xml:41:23-48
260
261                <action android:name="android.intent.action.VIEW" />
261-->src/main/AndroidManifest.xml:42:17-68
261-->src/main/AndroidManifest.xml:42:25-66
262
263                <category android:name="android.intent.category.DEFAULT" />
263-->src/main/AndroidManifest.xml:44:17-75
263-->src/main/AndroidManifest.xml:44:27-73
264                <category android:name="android.intent.category.BROWSABLE" />
264-->src/main/AndroidManifest.xml:45:17-77
264-->src/main/AndroidManifest.xml:45:27-75
265            </intent-filter>
266        </activity>
267        <activity
267-->[lib.5plus.base-release.aar] AndroidManifest.xml:246:9-256:58
268            android:name="io.dcloud.WebAppActivity"
268-->[lib.5plus.base-release.aar] AndroidManifest.xml:247:13-52
269            android:configChanges="orientation|keyboardHidden|screenSize|mcc|mnc|fontScale"
269-->[lib.5plus.base-release.aar] AndroidManifest.xml:248:13-92
270            android:hardwareAccelerated="true"
270-->[lib.5plus.base-release.aar] AndroidManifest.xml:249:13-47
271            android:icon="@drawable/dcloud_recent"
271-->[lib.5plus.base-release.aar] AndroidManifest.xml:250:13-51
272            android:label="@string/stream_my"
272-->[lib.5plus.base-release.aar] AndroidManifest.xml:251:13-46
273            android:launchMode="singleTask"
273-->[lib.5plus.base-release.aar] AndroidManifest.xml:252:13-44
274            android:screenOrientation="portrait"
274-->[lib.5plus.base-release.aar] AndroidManifest.xml:253:13-49
275            android:taskAffinity=":stream"
275-->[lib.5plus.base-release.aar] AndroidManifest.xml:254:13-43
276            android:theme="@style/DCloudTheme"
276-->[lib.5plus.base-release.aar] AndroidManifest.xml:255:13-47
277            android:windowSoftInputMode="adjustResize" />
277-->[lib.5plus.base-release.aar] AndroidManifest.xml:256:13-55
278
279        <service android:name="io.dcloud.streamdownload.DownloadService" >
279-->[lib.5plus.base-release.aar] AndroidManifest.xml:258:9-262:19
279-->[lib.5plus.base-release.aar] AndroidManifest.xml:258:18-73
280            <intent-filter>
280-->[lib.5plus.base-release.aar] AndroidManifest.xml:259:13-261:29
281                <action android:name="com.qihoo.life.plugin.streamapp.ACTION_PUSH_TO_PLUGIN" />
281-->[lib.5plus.base-release.aar] AndroidManifest.xml:260:17-96
281-->[lib.5plus.base-release.aar] AndroidManifest.xml:260:25-93
282            </intent-filter>
283        </service>
284        <service
284-->[lib.5plus.base-release.aar] AndroidManifest.xml:263:9-266:41
285            android:name="io.dcloud.appstream.service.DaemonService"
285-->[lib.5plus.base-release.aar] AndroidManifest.xml:264:13-69
286            android:exported="false"
286-->[lib.5plus.base-release.aar] AndroidManifest.xml:265:13-37
287            android:process=":daemon" />
287-->[lib.5plus.base-release.aar] AndroidManifest.xml:266:13-38
288        <service
288-->[lib.5plus.base-release.aar] AndroidManifest.xml:267:9-269:40
289            android:name="io.dcloud.appstream.service.ProtectService"
289-->[lib.5plus.base-release.aar] AndroidManifest.xml:268:13-70
290            android:exported="false" /> <!-- <receiver -->
290-->[lib.5plus.base-release.aar] AndroidManifest.xml:269:13-37
291        <!-- android:name="io.dcloud.appstream.receiver.DaemonReceiver"> -->
292        <!-- <intent-filter -->
293        <!-- android:priority="1000"> -->
294        <!-- <action -->
295        <!-- android:name="android.intent.action.BOOT_COMPLETED" /> -->
296        <!-- <action -->
297        <!-- android:name="android.net.conn.CONNECTIVITY_CHANGE" /> -->
298        <!-- <action -->
299        <!-- android:name="android.intent.action.USER_PRESENT" /> -->
300        <!-- </intent-filter> -->
301        <!-- </receiver> -->
302        <service android:name="io.dcloud.multiprocess.service.MultiProcessService" />
302-->[lib.5plus.base-release.aar] AndroidManifest.xml:292:9-86
302-->[lib.5plus.base-release.aar] AndroidManifest.xml:292:18-83
303
304        <activity
304-->[lib.5plus.base-release.aar] AndroidManifest.xml:294:9-305:58
305            android:name="io.dcloud.multiprocess.activity.WebAppActivity1"
305-->[lib.5plus.base-release.aar] AndroidManifest.xml:295:13-75
306            android:configChanges="orientation|keyboardHidden|screenSize|mcc|mnc"
306-->[lib.5plus.base-release.aar] AndroidManifest.xml:296:13-82
307            android:hardwareAccelerated="true"
307-->[lib.5plus.base-release.aar] AndroidManifest.xml:297:13-47
308            android:icon="@drawable/dcloud_recent"
308-->[lib.5plus.base-release.aar] AndroidManifest.xml:298:13-51
309            android:label="@string/stream_my"
309-->[lib.5plus.base-release.aar] AndroidManifest.xml:299:13-46
310            android:launchMode="singleTask"
310-->[lib.5plus.base-release.aar] AndroidManifest.xml:300:13-44
311            android:process="io.dcloud.multiprocess.webapp1"
311-->[lib.5plus.base-release.aar] AndroidManifest.xml:301:13-61
312            android:screenOrientation="portrait"
312-->[lib.5plus.base-release.aar] AndroidManifest.xml:302:13-49
313            android:taskAffinity=":webapp1"
313-->[lib.5plus.base-release.aar] AndroidManifest.xml:303:13-44
314            android:theme="@style/DCloudTheme"
314-->[lib.5plus.base-release.aar] AndroidManifest.xml:304:13-47
315            android:windowSoftInputMode="adjustResize" />
315-->[lib.5plus.base-release.aar] AndroidManifest.xml:305:13-55
316        <activity
316-->[lib.5plus.base-release.aar] AndroidManifest.xml:306:9-312:20
317            android:name="io.dcloud.appstream.OpenStreamAppTransferActivity"
317-->[lib.5plus.base-release.aar] AndroidManifest.xml:307:13-77
318            android:configChanges="orientation|keyboardHidden|screenSize|mcc|mnc"
318-->[lib.5plus.base-release.aar] AndroidManifest.xml:308:13-82
319            android:screenOrientation="portrait"
319-->[lib.5plus.base-release.aar] AndroidManifest.xml:309:13-49
320            android:theme="@style/OpenStreamAppTransferActivityTheme"
320-->[lib.5plus.base-release.aar] AndroidManifest.xml:310:13-70
321            android:windowSoftInputMode="stateAlwaysHidden|adjustResize" >
321-->[lib.5plus.base-release.aar] AndroidManifest.xml:311:13-73
322        </activity>
323
324        <meta-data
324-->[lib.5plus.base-release.aar] AndroidManifest.xml:314:9-316:33
325            android:name="MultiProcessCount"
325-->[lib.5plus.base-release.aar] AndroidManifest.xml:315:13-45
326            android:value="1" />
326-->[lib.5plus.base-release.aar] AndroidManifest.xml:316:13-30
327
328        <activity
328-->[lib.5plus.base-release.aar] AndroidManifest.xml:318:9-324:75
329            android:name="io.dcloud.ProcessMediator"
329-->[lib.5plus.base-release.aar] AndroidManifest.xml:319:13-53
330            android:excludeFromRecents="true"
330-->[lib.5plus.base-release.aar] AndroidManifest.xml:320:13-46
331            android:exported="true"
331-->[lib.5plus.base-release.aar] AndroidManifest.xml:321:13-36
332            android:label="@string/app_name"
332-->[lib.5plus.base-release.aar] AndroidManifest.xml:322:13-45
333            android:launchMode="singleTop"
333-->[lib.5plus.base-release.aar] AndroidManifest.xml:323:13-43
334            android:theme="@android:style/Theme.Translucent.NoTitleBar" />
334-->[lib.5plus.base-release.aar] AndroidManifest.xml:324:13-72
335        <activity
335-->[lib.5plus.base-release.aar] AndroidManifest.xml:325:9-330:20
336            android:name="io.dcloud.WebviewActivity"
336-->[lib.5plus.base-release.aar] AndroidManifest.xml:326:13-53
337            android:screenOrientation="portrait"
337-->[lib.5plus.base-release.aar] AndroidManifest.xml:327:13-49
338            android:theme="@style/ThemeNoTitleBar"
338-->[lib.5plus.base-release.aar] AndroidManifest.xml:328:13-51
339            android:windowSoftInputMode="adjustPan" >
339-->[lib.5plus.base-release.aar] AndroidManifest.xml:329:13-52
340        </activity>
341
342        <receiver android:name="io.dcloud.common.adapter.io.DownloadReceiver" >
342-->[lib.5plus.base-release.aar] AndroidManifest.xml:332:9-341:20
342-->[lib.5plus.base-release.aar] AndroidManifest.xml:332:19-78
343            <intent-filter>
343-->[lib.5plus.base-release.aar] AndroidManifest.xml:333:13-335:29
344                <action android:name="android.intent.action.DOWNLOAD_COMPLETE" />
344-->[lib.5plus.base-release.aar] AndroidManifest.xml:334:17-82
344-->[lib.5plus.base-release.aar] AndroidManifest.xml:334:25-79
345            </intent-filter>
346            <intent-filter>
346-->[lib.5plus.base-release.aar] AndroidManifest.xml:336:13-340:29
347                <action android:name="android.intent.action.PACKAGE_ADDED" />
347-->[lib.5plus.base-release.aar] AndroidManifest.xml:337:17-78
347-->[lib.5plus.base-release.aar] AndroidManifest.xml:337:25-75
348
349                <data android:scheme="package" /> <!-- HERE! -->
349-->src/main/AndroidManifest.xml:41:17-50
349-->src/main/AndroidManifest.xml:41:23-48
350            </intent-filter>
351        </receiver>
352        <!--
353            <provider
354            android:name="io.dcloud.common.util.DCloud_FileProvider"
355            android:authorities="${apk.applicationId}.dc.fileprovider"
356            android:exported="false"
357            android:grantUriPermissions="true">
358            <meta-data
359                android:name="android.support.FILE_PROVIDER_PATHS"
360                android:resource="@xml/dcloud_file_provider" />
361        </provider>
362        <meta-data
363            android:name="DCLOUD_STREAMAPP_CHANNEL"
364            android:value="io.dcloud.%APPID%|%APPID%|" />
365        -->
366        <meta-data
366-->[lib.5plus.base-release.aar] AndroidManifest.xml:357:9-359:35
367            android:name="android.max_aspect"
367-->[lib.5plus.base-release.aar] AndroidManifest.xml:358:13-46
368            android:value="2.4" />
368-->[lib.5plus.base-release.aar] AndroidManifest.xml:359:13-32
369
370        <activity
370-->[rpsdk-3.3.0.1.aar] AndroidManifest.xml:20:9-22:52
371            android:name="com.alibaba.security.rp.activity.RPTakePhotoActivity"
371-->[rpsdk-3.3.0.1.aar] AndroidManifest.xml:21:13-80
372            android:screenOrientation="portrait" />
372-->[rpsdk-3.3.0.1.aar] AndroidManifest.xml:22:13-49
373        <activity
373-->[rpsdk-3.3.0.1.aar] AndroidManifest.xml:23:9-25:52
374            android:name="com.alibaba.security.rp.activity.RPH5Activity"
374-->[rpsdk-3.3.0.1.aar] AndroidManifest.xml:24:13-73
375            android:screenOrientation="portrait" /> <!-- <application> -->
375-->[rpsdk-3.3.0.1.aar] AndroidManifest.xml:25:13-49
376        <!-- android:allowBackup="false" -->
377        <!-- android:label="FaceLivenessSDK" -->
378        <!-- android:theme="@style/ABFaceLivenessAppTheme" -->
379        <activity
379-->[rpsdk-3.3.0.1.aar] AndroidManifest.xml:30:9-33:86
380            android:name="com.alibaba.security.biometrics.activity.ALBiometricsActivity"
380-->[rpsdk-3.3.0.1.aar] AndroidManifest.xml:31:13-89
381            android:hardwareAccelerated="true"
381-->[rpsdk-3.3.0.1.aar] AndroidManifest.xml:32:13-47
382            android:theme="@android:style/Theme.Translucent.NoTitleBar.Fullscreen" />